
> code-server@0.0.0 build:vscode
> ./ci/build/build-vscode.sh

Updated 0 paths from the index
[14:39:46] Using gulpfile ~/Desktop/Dotcorr/DCFlight/ide/dcf-code-server/lib/vscode/gulpfile.js
[14:39:46] Starting 'vscode-reh-web-linux-x64-min'...
[14:39:46] Starting [36mclean-out-build[39m ...
[14:39:46] Finished [36mclean-out-build[39m after [35m2 ms[39m
[14:39:46] Starting [36mbuild-date-file[39m ...
[14:39:46] Finished [36mbuild-date-file[39m after [35m1 ms[39m
[14:39:46] Starting [36mcompile-api-proposal-names[39m ...
[14:39:46] Starting [32mcompilation[39m[34m api-proposal-names[39m...
(node:10205) [DEP0180] DeprecationWarning: fs.Stats constructor is deprecated.
(Use `node --trace-deprecation ...` to show where the warning was created)
[14:39:46] Finished [32mcompilation[39m[34m api-proposal-names[39m with 0 errors after [35m57 ms[39m
[14:39:46] Finished [36mcompile-api-proposal-names[39m after [35m62 ms[39m
[14:39:46] Starting [36mcompile-src[39m ...
[14:40:05] [34m[mangler][39m Done collecting. Classes: 9102. Exported symbols: 11202
[14:40:08] [34m[mangler][39m Done creating class replacements
[14:40:08] [34m[mangler][39m Starting prepare rename edits
[14:40:10] Starting [32mcompilation[39m...
